<?xml version="1.0" encoding="UTF-8"?>
<!-- Generated by org.testng.reporters.JUnitReportReporter -->
<testsuite hostname="DESKTOP-1A9RLKO" failures="0" tests="2" name="testNG.Include_Exclude" time="0.038" errors="0" timestamp="2023-12-22T16:53:43 IST" skipped="0">
  <testcase classname="testNG.Include_Exclude" name="d" time="0.007">
    <system-out>
      <![CDATA[TC d is running]]>
    </system-out>
  </testcase> <!-- d -->
  <testcase classname="testNG.Include_Exclude" name="c" time="0.031">
    <system-out>
      <![CDATA[TC c is running]]>
    </system-out>
  </testcase> <!-- c -->
  <system-out>
    <![CDATA[TC c is running
TC d is running]]>
  </system-out>
</testsuite> <!-- testNG.Include_Exclude -->
