<?xml version="1.0" encoding="UTF-8"?>
<!-- Generated by org.testng.reporters.JUnitReportReporter -->
<testsuite hostname="DESKTOP-1A9RLKO" failures="0" tests="1" name="testNG.HardAssertEg1" time="17.482" errors="0" timestamp="2023-12-28T17:11:14 IST" skipped="0">
  <testcase classname="testNG.HardAssertEg1" name="instaLogin" time="17.482"/>
</testsuite> <!-- testNG.HardAssertEg1 -->
