<?xml version="1.0" encoding="UTF-8"?>
<!-- Generated by org.testng.reporters.JUnitReportReporter -->
<testsuite hostname="DESKTOP-1A9RLKO" failures="0" tests="6" name="testNGKeywords.MixedKeywords" time="0.061" errors="0" timestamp="2023-12-20T20:23:50 IST" skipped="0">
  <testcase classname="testNGKeywords.MixedKeywords" name="a" time="0.003">
    <system-out>
      <![CDATA[TC a is running]]>
    </system-out>
  </testcase> <!-- a -->
  <testcase classname="testNGKeywords.MixedKeywords" name="c" time="0.006">
    <system-out>
      <![CDATA[TC a is running]]>
    </system-out>
  </testcase> <!-- c -->
  <testcase classname="testNGKeywords.MixedKeywords" name="b" time="0.023">
    <system-out>
      <![CDATA[TC a is running]]>
    </system-out>
  </testcase> <!-- b -->
  <testcase classname="testNGKeywords.MixedKeywords" name="d" time="0.006">
    <system-out>
      <![CDATA[TC a is running]]>
    </system-out>
  </testcase> <!-- d -->
  <testcase classname="testNGKeywords.MixedKeywords" name="d" time="0.011">
    <system-out>
      <![CDATA[TC a is running]]>
    </system-out>
  </testcase> <!-- d -->
  <testcase classname="testNGKeywords.MixedKeywords" name="d" time="0.012">
    <system-out>
      <![CDATA[TC a is running]]>
    </system-out>
  </testcase> <!-- d -->
  <system-out>
    <![CDATA[TC a is running
TC a is running
TC a is running
TC a is running
TC a is running
TC a is running]]>
  </system-out>
</testsuite> <!-- testNGKeywords.MixedKeywords -->
