<?xml version="1.0" encoding="UTF-8"?>
<!-- Generated by org.testng.reporters.JUnitReportReporter -->
<testsuite hostname="DESKTOP-1A9RLKO" failures="0" tests="1" name="testNG.TestNgClassEx" time="12.203" errors="0" timestamp="2023-12-15T22:27:27 IST" skipped="0">
  <testcase classname="testNG.TestNgClassEx" name="f" time="12.203"/>
</testsuite> <!-- testNG.TestNgClassEx -->
