<?xml version="1.0" encoding="UTF-8"?>
<!-- Generated by org.testng.reporters.JUnitReportReporter -->
<testsuite hostname="DESKTOP-1A9RLKO" failures="0" tests="1" name="testNG.TestNgClass2" time="0.022" errors="0" timestamp="2023-12-18T15:44:44 IST" skipped="0">
  <testcase classname="testNG.TestNgClass2" name="myMethod" time="0.022">
    <system-out>
      <![CDATA[Hi this is Reporter without boolean parameter
Hi this is Reporter,with boolean parameter]]>
    </system-out>
  </testcase> <!-- myMethod -->
  <system-out>
    <![CDATA[Hi this is Reporter without boolean parameter
Hi this is Reporter,with boolean parameter]]>
  </system-out>
</testsuite> <!-- testNG.TestNgClass2 -->
