<?xml version="1.0" encoding="UTF-8"?>
<!-- Generated by org.testng.reporters.JUnitReportReporter -->
<testsuite hostname="DESKTOP-1A9RLKO" failures="0" tests="1" name="testNG.SoftAssert1" time="0.036" errors="0" timestamp="2023-12-28T17:38:19 IST" skipped="0">
  <testcase classname="testNG.SoftAssert1" name="f" time="0.036"/>
</testsuite> <!-- testNG.SoftAssert1 -->
