<?xml version="1.0" encoding="UTF-8"?>
<!-- Generated by org.testng.reporters.JUnitReportReporter -->
<testsuite hostname="DESKTOP-1A9RLKO" failures="0" tests="2" name="assert_Practice.HardAssert" time="0.040" errors="0" timestamp="2023-12-25T20:01:07 IST" skipped="0">
  <testcase classname="assert_Practice.HardAssert" name="f" time="0.029"/>
  <testcase classname="assert_Practice.HardAssert" name="m" time="0.011"/>
</testsuite> <!-- assert_Practice.HardAssert -->
