<?xml version="1.0" encoding="UTF-8"?>
<!-- Generated by org.testng.reporters.JUnitReportReporter -->
<testsuite hostname="DESKTOP-1A9RLKO" failures="0" tests="2" name="assert_Practice.SoftAssertUse" time="0.091" errors="0" timestamp="2023-12-25T20:14:45 IST" skipped="0">
  <testcase classname="assert_Practice.SoftAssertUse" name="f" time="0.071"/>
  <testcase classname="assert_Practice.SoftAssertUse" name="m" time="0.020"/>
</testsuite> <!-- assert_Practice.SoftAssertUse -->
